Arguments: 
  /Users/weizhiqiang/.nvm/versions/node/v6.7.0/bin/node /usr/local/bin/yarn add react-router-dom

PATH: 
  /Users/weizhiqiang/.nvm/versions/node/v6.7.0/bin:/usr/local/bin:/usr/bin:/bin:/usr/sbin:/sbin

Yarn version: 
  0.22.0

Node version: 
  6.7.0

Platform: 
  darwin x64

npm manifest: 
  {
    "name": "javascript",
    "version": "1.0.0",
    "description": "",
    "main": "gulpfile.js",
    "scripts": {
      "test": "echo \"Error: no test specified\" && exit 1"
    },
    "author": "weizhiqiang",
    "license": "ISC",
    "devDependencies": {
      "babel-preset-es2015": "^6.18.0",
      "connect": "^3.4.1",
      "del": "^2.2.1",
      "fs": "^0.0.1-security",
      "gulp": "^3.9.0",
      "gulp-babel": "^6.1.2",
      "gulp-concat": "^2.6.0",
      "gulp-load-plugins": "^1.1.0",
      "gulp-mini-css": "0.0.3",
      "gulp-rename": "^1.2.2",
      "gulp-sourcemaps": "^1.6.0",
      "gulp-uglify": "^1.5.1",
      "serve-static": "^1.11.1"
    },
    "repository": "git@github.com:aicekiller/javascript.git"
  }

yarn manifest: 
  No manifest

Lockfile: 
  No lockfile

Trace: 
  Error: EEXIST: file already exists, mkdir '/Users/weizhiqiang/my project/javascript/node_modules/del'
      at Error (native)
